

Started GET "/" for 127.0.0.1 at 2011-08-18 12:22:59 -0400
  Processing by WelcomeController#index as HTML
Rendered welcome/index.html.erb within layouts/application (2.5ms)
Completed 200 OK in 251ms (Views: 250.1ms | ActiveRecord: 0.0ms)


Started GET "/" for 127.0.0.1 at 2011-08-18 12:23:57 -0400
  Processing by WelcomeController#index as HTML
Rendered welcome/index.html.erb within layouts/application (2.6ms)
Completed 200 OK in 33ms (Views: 32.7ms | ActiveRecord: 0.0ms)


Started GET "/" for 127.0.0.1 at 2011-08-18 12:24:17 -0400
  Processing by WelcomeController#index as HTML
Rendered welcome/index.html.erb within layouts/application (2.1ms)
Completed 200 OK in 33ms (Views: 32.3ms | ActiveRecord: 0.0ms)


Started GET "/" for 127.0.0.1 at 2011-08-18 12:24:44 -0400
  Processing by WelcomeController#index as HTML
Rendered welcome/index.html.erb within layouts/application (2.0ms)
Completed 200 OK in 7ms (Views: 6.3ms | ActiveRecord: 0.0ms)


Started GET "/" for 127.0.0.1 at 2011-08-18 12:24:49 -0400
  Processing by WelcomeController#index as HTML
Rendered welcome/index.html.erb within layouts/application (2.2ms)
Completed 200 OK in 7ms (Views: 6.7ms | ActiveRecord: 0.0ms)


Started GET "/" for 127.0.0.1 at 2011-08-18 12:25:35 -0400
  Processing by WelcomeController#index as HTML
Rendered welcome/index.html.erb within layouts/application (2.8ms)
Completed 200 OK in 27ms (Views: 26.7ms | ActiveRecord: 0.0ms)


Started GET "/" for 127.0.0.1 at 2011-08-18 12:25:37 -0400
  Processing by WelcomeController#index as HTML
Rendered welcome/index.html.erb within layouts/application (2.1ms)
Completed 200 OK in 7ms (Views: 6.1ms | ActiveRecord: 0.0ms)


Started GET "/" for 127.0.0.1 at 2011-08-18 12:25:50 -0400
  Processing by WelcomeController#index as HTML
Rendered welcome/index.html.erb within layouts/application (2.4ms)
Completed 200 OK in 7ms (Views: 6.7ms | ActiveRecord: 0.0ms)


Started GET "/" for 127.0.0.1 at 2011-08-18 12:26:59 -0400
  Processing by WelcomeController#index as HTML
Rendered welcome/index.html.erb within layouts/application (2.0ms)
Completed 200 OK in 7ms (Views: 6.5ms | ActiveRecord: 0.0ms)


Started GET "/" for 127.0.0.1 at 2011-08-18 12:27:27 -0400
  Processing by WelcomeController#index as HTML
Rendered welcome/index.html.erb within layouts/application (2.1ms)
Completed 200 OK in 7ms (Views: 6.6ms | ActiveRecord: 0.0ms)


Started GET "/" for 127.0.0.1 at 2011-08-18 12:37:26 -0400
  Processing by WelcomeController#index as HTML
Rendered welcome/index.html.erb within layouts/application (2.1ms)
Completed 200 OK in 24ms (Views: 23.8ms | ActiveRecord: 0.0ms)


Started GET "/" for 127.0.0.1 at 2011-08-18 12:57:42 -0400
  Processing by WelcomeController#index as HTML
Rendered welcome/index.html.erb within layouts/application (25.6ms)
Completed 200 OK in 48ms (Views: 47.8ms | ActiveRecord: 0.0ms)


Started GET "/" for 127.0.0.1 at 2011-08-18 12:59:23 -0400
  Processing by WelcomeController#index as HTML
Rendered welcome/index.html.erb within layouts/application (2.3ms)
Completed 200 OK in 51ms (Views: 21.3ms | ActiveRecord: 0.0ms)


Started GET "/" for 127.0.0.1 at 2011-08-18 12:59:43 -0400
  Processing by WelcomeController#index as HTML
Rendered welcome/index.html.erb within layouts/application (2.0ms)
Completed 200 OK in 7ms (Views: 6.4ms | ActiveRecord: 0.0ms)


Started GET "/" for 127.0.0.1 at 2011-08-18 13:00:04 -0400
  Processing by WelcomeController#index as HTML
Rendered welcome/index.html.erb within layouts/application (2.8ms)
Completed 200 OK in 13ms (Views: 12.1ms | ActiveRecord: 0.0ms)


Started GET "/" for 127.0.0.1 at 2011-08-18 13:05:43 -0400
  Processing by WelcomeController#index as HTML
Rendered welcome/index.html.erb within layouts/application (40.5ms)
Completed 200 OK in 89ms (Views: 88.8ms | ActiveRecord: 0.0ms)


Started GET "/" for 127.0.0.1 at 2011-08-18 13:05:49 -0400
  Processing by WelcomeController#index as HTML
Rendered welcome/index.html.erb within layouts/application (2.4ms)
Completed 200 OK in 7ms (Views: 6.4ms | ActiveRecord: 0.0ms)


Started GET "/" for 127.0.0.1 at 2011-08-18 13:06:28 -0400
  Processing by WelcomeController#index as HTML
Rendered welcome/index.html.erb within layouts/application (2.0ms)
Completed 200 OK in 6ms (Views: 6.0ms | ActiveRecord: 0.0ms)


Started GET "/" for 127.0.0.1 at 2011-08-18 13:07:12 -0400
  Processing by WelcomeController#index as HTML
Rendered welcome/index.html.erb within layouts/application (2.0ms)
Completed 200 OK in 6ms (Views: 6.1ms | ActiveRecord: 0.0ms)


Started GET "/" for 127.0.0.1 at 2011-08-18 13:10:01 -0400
  Processing by WelcomeController#index as HTML
Rendered welcome/index.html.erb within layouts/application (56.6ms)
Completed 200 OK in 91ms (Views: 90.5ms | ActiveRecord: 0.0ms)


Started GET "/" for 127.0.0.1 at 2011-08-18 13:25:41 -0400
  Processing by WelcomeController#index as HTML
Rendered welcome/index.html.erb within layouts/application (3.0ms)
Completed 200 OK in 437ms (Views: 436.0ms | ActiveRecord: 0.0ms)


Started GET "/" for 127.0.0.1 at 2011-08-18 13:27:17 -0400
  Processing by WelcomeController#index as HTML
Rendered welcome/index.html.erb within layouts/application (2.2ms)
Completed 200 OK in 45ms (Views: 44.4ms | ActiveRecord: 0.0ms)


Started GET "/" for 127.0.0.1 at 2011-08-18 13:27:26 -0400
  Processing by WelcomeController#index as HTML
Rendered welcome/index.html.erb within layouts/application (2.4ms)
Completed 200 OK in 7ms (Views: 6.8ms | ActiveRecord: 0.0ms)


Started GET "/" for 127.0.0.1 at 2011-08-18 13:30:10 -0400
  Processing by WelcomeController#index as HTML
Rendered welcome/index.html.erb within layouts/application (2.4ms)
Completed 200 OK in 32ms (Views: 31.2ms | ActiveRecord: 0.0ms)


Started GET "/" for 127.0.0.1 at 2011-08-18 13:30:17 -0400
  Processing by WelcomeController#index as HTML
Rendered welcome/index.html.erb within layouts/application (2.5ms)
Completed 200 OK in 40ms (Views: 6.6ms | ActiveRecord: 0.0ms)


Started GET "/" for 127.0.0.1 at 2011-08-18 13:31:33 -0400
  Processing by WelcomeController#index as HTML
Rendered welcome/index.html.erb within layouts/application (1.9ms)
Completed 200 OK in 6ms (Views: 5.9ms | ActiveRecord: 0.0ms)


Started GET "/" for 127.0.0.1 at 2011-08-18 13:31:40 -0400
  Processing by WelcomeController#index as HTML
Rendered welcome/index.html.erb within layouts/application (2.0ms)
Completed 200 OK in 7ms (Views: 6.2ms | ActiveRecord: 0.0ms)


Started GET "/" for 127.0.0.1 at 2011-08-18 13:35:51 -0400
  Processing by WelcomeController#index as HTML
Rendered welcome/index.html.erb within layouts/application (40.4ms)
Completed 200 OK in 87ms (Views: 86.1ms | ActiveRecord: 0.0ms)


Started GET "/" for 127.0.0.1 at 2011-08-18 13:36:51 -0400
  Processing by WelcomeController#index as HTML
Rendered welcome/index.html.erb within layouts/application (2.1ms)
Completed 200 OK in 6ms (Views: 6.1ms | ActiveRecord: 0.0ms)


Started GET "/" for 127.0.0.1 at 2011-08-18 13:43:44 -0400
  Processing by WelcomeController#index as HTML
Rendered welcome/index.html.erb within layouts/application (2.0ms)
Completed 200 OK in 7ms (Views: 6.3ms | ActiveRecord: 0.0ms)


Started GET "/" for 127.0.0.1 at 2011-08-18 13:51:38 -0400
  Processing by WelcomeController#index as HTML
Rendered welcome/index.html.erb within layouts/application (2.0ms)
Completed 200 OK in 6ms (Views: 5.9ms | ActiveRecord: 0.0ms)


Started GET "/" for 127.0.0.1 at 2011-08-18 13:51:45 -0400
  Processing by WelcomeController#index as HTML
Rendered welcome/index.html.erb within layouts/application (2.0ms)
Completed 200 OK in 7ms (Views: 6.2ms | ActiveRecord: 0.0ms)


Started GET "/" for 127.0.0.1 at 2011-08-18 13:56:36 -0400
  Processing by WelcomeController#index as HTML
Rendered welcome/index.html.erb within layouts/application (2.3ms)
Completed 200 OK in 7ms (Views: 6.3ms | ActiveRecord: 0.0ms)


Started GET "/" for 127.0.0.1 at 2011-08-18 13:57:07 -0400
  Processing by WelcomeController#index as HTML
Rendered welcome/index.html.erb within layouts/application (2.1ms)
Completed 200 OK in 7ms (Views: 6.2ms | ActiveRecord: 0.0ms)


Started GET "/" for 127.0.0.1 at 2011-08-18 13:58:41 -0400
  Processing by WelcomeController#index as HTML
Rendered welcome/index.html.erb within layouts/application (2.3ms)
Completed 200 OK in 9ms (Views: 8.5ms | ActiveRecord: 0.0ms)


Started GET "/" for 127.0.0.1 at 2011-08-18 13:58:44 -0400
  Processing by WelcomeController#index as HTML
Rendered welcome/index.html.erb within layouts/application (2.2ms)
Completed 200 OK in 7ms (Views: 6.3ms | ActiveRecord: 0.0ms)


Started GET "/" for 127.0.0.1 at 2011-08-18 13:59:23 -0400
  Processing by WelcomeController#index as HTML
Rendered welcome/index.html.erb within layouts/application (3.9ms)
Completed 200 OK in 9ms (Views: 8.8ms | ActiveRecord: 0.0ms)


Started GET "/" for 127.0.0.1 at 2011-08-18 14:05:50 -0400
  Processing by WelcomeController#index as HTML
Rendered welcome/index.html.erb within layouts/application (2.0ms)
Completed 200 OK in 7ms (Views: 6.4ms | ActiveRecord: 0.0ms)


Started GET "/" for 127.0.0.1 at 2011-08-18 14:07:17 -0400
  Processing by WelcomeController#index as HTML
Rendered welcome/index.html.erb within layouts/application (2.1ms)
Completed 200 OK in 6ms (Views: 6.0ms | ActiveRecord: 0.0ms)


Started GET "/" for 127.0.0.1 at 2011-08-18 14:49:21 -0400
  Processing by WelcomeController#index as HTML
Rendered welcome/index.html.erb within layouts/application (2.0ms)
Completed 200 OK in 25ms (Views: 24.1ms | ActiveRecord: 0.0ms)


Started GET "/" for 127.0.0.1 at 2011-08-18 14:49:33 -0400
  Processing by WelcomeController#index as HTML
Rendered welcome/index.html.erb within layouts/application (2.5ms)
Completed 200 OK in 8ms (Views: 7.1ms | ActiveRecord: 0.0ms)


Started GET "/" for 127.0.0.1 at 2011-08-18 14:49:56 -0400
  Processing by WelcomeController#index as HTML
Rendered welcome/index.html.erb within layouts/application (2.0ms)
Completed 200 OK in 7ms (Views: 6.2ms | ActiveRecord: 0.0ms)


Started GET "/" for 127.0.0.1 at 2011-08-18 14:50:30 -0400
  Processing by WelcomeController#index as HTML
Rendered welcome/index.html.erb within layouts/application (2.4ms)
Completed 200 OK in 13ms (Views: 11.6ms | ActiveRecord: 0.0ms)


Started GET "/" for 127.0.0.1 at 2011-08-18 14:50:35 -0400
  Processing by WelcomeController#index as HTML
Rendered welcome/index.html.erb within layouts/application (2.1ms)
Completed 200 OK in 7ms (Views: 6.5ms | ActiveRecord: 0.0ms)


Started GET "/" for 127.0.0.1 at 2011-08-18 14:50:43 -0400
  Processing by WelcomeController#index as HTML
Rendered welcome/index.html.erb within layouts/application (2.1ms)
Completed 200 OK in 7ms (Views: 6.3ms | ActiveRecord: 0.0ms)


Started GET "/" for 127.0.0.1 at 2011-08-18 14:50:47 -0400
  Processing by WelcomeController#index as HTML
Rendered welcome/index.html.erb within layouts/application (2.0ms)
Completed 200 OK in 7ms (Views: 6.2ms | ActiveRecord: 0.0ms)


Started GET "/" for 127.0.0.1 at 2011-08-18 14:50:53 -0400
  Processing by WelcomeController#index as HTML
Rendered welcome/index.html.erb within layouts/application (2.3ms)
Completed 200 OK in 7ms (Views: 6.2ms | ActiveRecord: 0.0ms)


Started GET "/" for 127.0.0.1 at 2011-08-18 15:11:17 -0400
  Processing by WelcomeController#index as HTML
Rendered welcome/index.html.erb within layouts/application (2.3ms)
Completed 200 OK in 24ms (Views: 23.9ms | ActiveRecord: 0.0ms)


Started GET "/" for 127.0.0.1 at 2011-08-18 15:11:40 -0400
  Processing by WelcomeController#index as HTML
Rendered welcome/index.html.erb within layouts/application (2.1ms)
Completed 200 OK in 7ms (Views: 6.4ms | ActiveRecord: 0.0ms)


Started GET "/" for 127.0.0.1 at 2011-08-18 15:11:46 -0400
  Processing by WelcomeController#index as HTML
Rendered welcome/index.html.erb within layouts/application (2.1ms)
Completed 200 OK in 7ms (Views: 6.2ms | ActiveRecord: 0.0ms)


Started GET "/" for 127.0.0.1 at 2011-08-18 15:11:51 -0400
  Processing by WelcomeController#index as HTML
Rendered welcome/index.html.erb within layouts/application (2.1ms)
Completed 200 OK in 7ms (Views: 6.1ms | ActiveRecord: 0.0ms)


Started GET "/" for 127.0.0.1 at 2011-08-18 15:13:51 -0400
  Processing by WelcomeController#index as HTML
Rendered welcome/index.html.erb within layouts/application (2.5ms)
Completed 200 OK in 8ms (Views: 7.2ms | ActiveRecord: 0.0ms)


Started GET "/" for 127.0.0.1 at 2011-08-18 15:13:55 -0400
  Processing by WelcomeController#index as HTML
Rendered welcome/index.html.erb within layouts/application (1.9ms)
Completed 200 OK in 7ms (Views: 6.1ms | ActiveRecord: 0.0ms)


Started GET "/" for 127.0.0.1 at 2011-08-18 15:13:58 -0400
  Processing by WelcomeController#index as HTML
Rendered welcome/index.html.erb within layouts/application (1.9ms)
Completed 200 OK in 6ms (Views: 5.7ms | ActiveRecord: 0.0ms)


Started GET "/" for 127.0.0.1 at 2011-08-18 15:25:54 -0400
  Processing by WelcomeController#index as HTML
Rendered welcome/index.html.erb within layouts/application (1.9ms)
Completed 200 OK in 98ms (Views: 97.6ms | ActiveRecord: 0.0ms)


Started GET "/" for 127.0.0.1 at 2011-08-18 15:26:31 -0400
  Processing by WelcomeController#index as HTML
Rendered welcome/index.html.erb within layouts/application (1.9ms)
Completed 200 OK in 6ms (Views: 5.9ms | ActiveRecord: 0.0ms)


Started GET "/" for 127.0.0.1 at 2011-08-18 15:26:37 -0400
  Processing by WelcomeController#index as HTML
Rendered welcome/index.html.erb within layouts/application (1.9ms)
Completed 200 OK in 6ms (Views: 6.0ms | ActiveRecord: 0.0ms)


Started GET "/" for 127.0.0.1 at 2011-08-18 15:26:41 -0400
  Processing by WelcomeController#index as HTML
Rendered welcome/index.html.erb within layouts/application (2.1ms)
Completed 200 OK in 7ms (Views: 6.3ms | ActiveRecord: 0.0ms)


Started GET "/" for 127.0.0.1 at 2011-08-18 15:26:45 -0400
  Processing by WelcomeController#index as HTML
Rendered welcome/index.html.erb within layouts/application (2.1ms)
Completed 200 OK in 7ms (Views: 6.1ms | ActiveRecord: 0.0ms)


Started GET "/" for 127.0.0.1 at 2011-08-18 15:26:48 -0400
  Processing by WelcomeController#index as HTML
Rendered welcome/index.html.erb within layouts/application (1.8ms)
Completed 200 OK in 6ms (Views: 5.9ms | ActiveRecord: 0.0ms)


Started GET "/" for 127.0.0.1 at 2011-08-18 15:28:34 -0400
  Processing by WelcomeController#index as HTML
Rendered welcome/index.html.erb within layouts/application (2.1ms)
Completed 200 OK in 7ms (Views: 6.3ms | ActiveRecord: 0.0ms)


Started GET "/" for 127.0.0.1 at 2011-08-18 15:28:45 -0400
  Processing by WelcomeController#index as HTML
Rendered welcome/index.html.erb within layouts/application (2.1ms)
Completed 200 OK in 7ms (Views: 6.3ms | ActiveRecord: 0.0ms)


Started GET "/" for 127.0.0.1 at 2011-08-18 15:30:32 -0400
  Processing by WelcomeController#index as HTML
Rendered welcome/index.html.erb within layouts/application (2.0ms)
Completed 200 OK in 7ms (Views: 6.2ms | ActiveRecord: 0.0ms)


Started GET "/" for 127.0.0.1 at 2011-08-18 15:31:15 -0400
  Processing by WelcomeController#index as HTML
Rendered welcome/index.html.erb within layouts/application (2.2ms)
Completed 200 OK in 39ms (Views: 38.2ms | ActiveRecord: 0.0ms)


Started GET "/" for 127.0.0.1 at 2011-08-18 15:31:52 -0400
  Processing by WelcomeController#index as HTML
Rendered welcome/index.html.erb within layouts/application (1.9ms)
Completed 200 OK in 37ms (Views: 37.0ms | ActiveRecord: 0.0ms)


Started GET "/" for 127.0.0.1 at 2011-08-18 15:31:57 -0400
  Processing by WelcomeController#index as HTML
Rendered welcome/index.html.erb within layouts/application (1.8ms)
Completed 200 OK in 6ms (Views: 5.8ms | ActiveRecord: 0.0ms)


Started GET "/" for 127.0.0.1 at 2011-08-18 15:32:01 -0400
  Processing by WelcomeController#index as HTML
Rendered welcome/index.html.erb within layouts/application (1.9ms)
Completed 200 OK in 6ms (Views: 5.9ms | ActiveRecord: 0.0ms)


Started GET "/" for 127.0.0.1 at 2011-08-18 15:32:53 -0400
  Processing by WelcomeController#index as HTML
Rendered welcome/index.html.erb within layouts/application (3.2ms)
Completed 200 OK in 9ms (Views: 8.5ms | ActiveRecord: 0.0ms)


Started GET "/" for 127.0.0.1 at 2011-08-18 15:34:30 -0400
  Processing by WelcomeController#index as HTML
Rendered welcome/index.html.erb within layouts/application (2.2ms)
Completed 200 OK in 22ms (Views: 22.0ms | ActiveRecord: 0.0ms)


Started GET "/" for 127.0.0.1 at 2011-08-18 15:34:33 -0400
  Processing by WelcomeController#index as HTML
Rendered welcome/index.html.erb within layouts/application (1.8ms)
Completed 200 OK in 6ms (Views: 5.9ms | ActiveRecord: 0.0ms)


Started GET "/" for 127.0.0.1 at 2011-08-18 15:34:40 -0400
  Processing by WelcomeController#index as HTML
Rendered welcome/index.html.erb within layouts/application (1.8ms)
Completed 200 OK in 6ms (Views: 5.7ms | ActiveRecord: 0.0ms)


Started GET "/" for 127.0.0.1 at 2011-08-18 15:34:48 -0400
  Processing by WelcomeController#index as HTML
Rendered welcome/index.html.erb within layouts/application (1.9ms)
Completed 200 OK in 6ms (Views: 6.0ms | ActiveRecord: 0.0ms)


Started GET "/" for 127.0.0.1 at 2011-08-18 15:34:54 -0400
  Processing by WelcomeController#index as HTML
Rendered welcome/index.html.erb within layouts/application (1.9ms)
Completed 200 OK in 7ms (Views: 6.1ms | ActiveRecord: 0.0ms)


Started GET "/" for 127.0.0.1 at 2011-08-18 15:35:22 -0400
  Processing by WelcomeController#index as HTML
Rendered welcome/index.html.erb within layouts/application (2.0ms)
Completed 200 OK in 7ms (Views: 6.6ms | ActiveRecord: 0.0ms)


Started GET "/" for 127.0.0.1 at 2011-08-18 15:38:46 -0400
  Processing by WelcomeController#index as HTML
Rendered welcome/index.html.erb within layouts/application (2.2ms)
Completed 200 OK in 7ms (Views: 6.5ms | ActiveRecord: 0.0ms)


Started GET "/" for 127.0.0.1 at 2011-08-18 15:43:19 -0400
  Processing by WelcomeController#index as HTML
Rendered welcome/index.html.erb within layouts/application (2.0ms)
Completed 200 OK in 7ms (Views: 6.8ms | ActiveRecord: 0.0ms)


Started GET "/" for 127.0.0.1 at 2011-08-18 15:44:09 -0400
  Processing by WelcomeController#index as HTML
Rendered welcome/index.html.erb within layouts/application (2.1ms)
Completed 200 OK in 7ms (Views: 6.3ms | ActiveRecord: 0.0ms)


Started GET "/mineSweeper.play(2)" for 127.0.0.1 at 2011-08-18 15:44:16 -0400

ActionController::RoutingError (No route matches "/mineSweeper.play(2)"):
  

Rendered /Users/eric/.rvm/gems/ruby-1.9.2-p0@kata/gems/actionpack-3.0.3/lib/action_dispatch/middleware/templates/rescues/routing_error.erb within rescues/layout (1.2ms)


Started GET "/" for 127.0.0.1 at 2011-08-18 15:46:36 -0400
  Processing by WelcomeController#index as HTML
Rendered welcome/index.html.erb within layouts/application (26.7ms)
Completed 200 OK in 32ms (Views: 31.2ms | ActiveRecord: 0.0ms)


Started GET "/" for 127.0.0.1 at 2011-08-18 15:46:41 -0400
  Processing by WelcomeController#index as HTML
Rendered welcome/index.html.erb within layouts/application (2.0ms)
Completed 200 OK in 7ms (Views: 6.2ms | ActiveRecord: 0.0ms)


Started GET "/" for 127.0.0.1 at 2011-08-18 15:47:21 -0400
  Processing by WelcomeController#index as HTML
Rendered welcome/index.html.erb within layouts/application (1.8ms)
Completed 200 OK in 7ms (Views: 6.7ms | ActiveRecord: 0.0ms)


Started GET "/" for 127.0.0.1 at 2011-08-18 15:52:36 -0400
  Processing by WelcomeController#index as HTML
Rendered welcome/index.html.erb within layouts/application (1.9ms)
Completed 200 OK in 21ms (Views: 20.2ms | ActiveRecord: 0.0ms)


Started GET "/" for 127.0.0.1 at 2011-08-18 15:53:07 -0400
  Processing by WelcomeController#index as HTML
Rendered welcome/index.html.erb within layouts/application (1.9ms)
Completed 200 OK in 6ms (Views: 6.1ms | ActiveRecord: 0.0ms)


Started GET "/" for 127.0.0.1 at 2011-08-18 15:54:55 -0400
  Processing by WelcomeController#index as HTML
Rendered welcome/index.html.erb within layouts/application (1.8ms)
Completed 200 OK in 7ms (Views: 6.4ms | ActiveRecord: 0.0ms)


Started GET "/" for 127.0.0.1 at 2011-08-18 15:55:17 -0400
  Processing by WelcomeController#index as HTML
Rendered welcome/index.html.erb within layouts/application (1.9ms)
Completed 200 OK in 7ms (Views: 6.7ms | ActiveRecord: 0.0ms)


Started GET "/" for 127.0.0.1 at 2011-08-18 15:55:33 -0400
  Processing by WelcomeController#index as HTML
Rendered welcome/index.html.erb within layouts/application (2.2ms)
Completed 200 OK in 6ms (Views: 6.1ms | ActiveRecord: 0.0ms)


Started GET "/" for 127.0.0.1 at 2011-08-18 17:39:28 -0400
  Processing by WelcomeController#index as HTML
Rendered welcome/index.html.erb within layouts/application (2.5ms)
Completed 200 OK in 102ms (Views: 102.0ms | ActiveRecord: 0.0ms)


Started GET "/proposal" for 127.0.0.1 at 2011-08-18 17:39:32 -0400

ActionController::RoutingError (No route matches "/proposal"):
  

Rendered /Users/eric/.rvm/gems/ruby-1.9.2-p0@kata/gems/actionpack-3.0.3/lib/action_dispatch/middleware/templates/rescues/routing_error.erb within rescues/layout (1.2ms)


Started GET "/" for 127.0.0.1 at 2011-08-18 17:51:22 -0400
  Processing by WelcomeController#index as HTML
Rendered welcome/index.html.erb within layouts/application (56.3ms)
Completed 200 OK in 124ms (Views: 114.4ms | ActiveRecord: 0.0ms)


Started GET "/" for 127.0.0.1 at 2011-08-18 17:51:31 -0400
  Processing by WelcomeController#index as HTML
Rendered welcome/index.html.erb within layouts/application (2.3ms)
Completed 200 OK in 7ms (Views: 6.6ms | ActiveRecord: 0.0ms)


Started GET "/" for 127.0.0.1 at 2011-08-18 17:52:17 -0400
  Processing by WelcomeController#index as HTML
Rendered welcome/index.html.erb within layouts/application (2.0ms)
Completed 200 OK in 7ms (Views: 6.4ms | ActiveRecord: 0.0ms)


Started GET "/" for 127.0.0.1 at 2011-08-18 17:52:23 -0400
  Processing by WelcomeController#index as HTML
Rendered welcome/index.html.erb within layouts/application (1.8ms)
Completed 200 OK in 6ms (Views: 5.7ms | ActiveRecord: 0.0ms)


Started GET "/" for 127.0.0.1 at 2011-08-18 17:52:58 -0400
  Processing by WelcomeController#index as HTML
Rendered welcome/index.html.erb within layouts/application (4.2ms)
Completed 200 OK in 9ms (Views: 8.3ms | ActiveRecord: 0.0ms)


Started GET "/" for 127.0.0.1 at 2011-08-18 18:04:29 -0400
  Processing by WelcomeController#index as HTML
Rendered welcome/index.html.erb within layouts/application (1.9ms)
Completed 200 OK in 32ms (Views: 32.1ms | ActiveRecord: 0.0ms)


Started GET "/" for 127.0.0.1 at 2011-08-18 18:15:47 -0400
  Processing by WelcomeController#index as HTML
Rendered welcome/index.html.erb within layouts/application (2.0ms)
Completed 200 OK in 29ms (Views: 28.5ms | ActiveRecord: 0.0ms)


Started GET "/" for 127.0.0.1 at 2011-08-18 18:16:27 -0400
  Processing by WelcomeController#index as HTML
Rendered welcome/index.html.erb within layouts/application (3.0ms)
Completed 200 OK in 8ms (Views: 7.5ms | ActiveRecord: 0.0ms)


Started GET "/" for 127.0.0.1 at 2011-08-18 18:35:24 -0400
  Processing by WelcomeController#index as HTML
Rendered welcome/index.html.erb within layouts/application (2.1ms)
Completed 200 OK in 35ms (Views: 34.5ms | ActiveRecord: 0.0ms)


Started GET "/" for 127.0.0.1 at 2011-08-19 14:05:04 -0400
  Processing by WelcomeController#index as HTML
Rendered welcome/index.html.erb within layouts/application (2.2ms)
Completed 200 OK in 57ms (Views: 42.2ms | ActiveRecord: 0.0ms)


Started GET "/proposals" for 127.0.0.1 at 2011-08-19 14:05:06 -0400

ActionController::RoutingError (No route matches "/proposals"):
  

Rendered /Users/eric/.rvm/gems/ruby-1.9.2-p0@kata/gems/actionpack-3.0.3/lib/action_dispatch/middleware/templates/rescues/routing_error.erb within rescues/layout (1.4ms)


Started GET "/" for 127.0.0.1 at 2011-08-19 14:05:09 -0400
  Processing by WelcomeController#index as HTML
Rendered welcome/index.html.erb within layouts/application (1.9ms)
Completed 200 OK in 7ms (Views: 6.0ms | ActiveRecord: 0.0ms)


Started GET "/" for 127.0.0.1 at 2011-08-19 14:05:13 -0400
  Processing by WelcomeController#index as HTML
Rendered welcome/index.html.erb within layouts/application (1.9ms)
Completed 200 OK in 7ms (Views: 6.3ms | ActiveRecord: 0.0ms)


Started GET "/" for 127.0.0.1 at 2011-08-19 14:05:15 -0400
  Processing by WelcomeController#index as HTML
Rendered welcome/index.html.erb within layouts/application (1.9ms)
Completed 200 OK in 6ms (Views: 6.0ms | ActiveRecord: 0.0ms)


Started GET "/" for 127.0.0.1 at 2011-08-19 14:05:28 -0400
  Processing by WelcomeController#index as HTML
Rendered welcome/index.html.erb within layouts/application (2.1ms)
Completed 200 OK in 10ms (Views: 9.1ms | ActiveRecord: 0.0ms)


Started GET "/" for 127.0.0.1 at 2011-08-19 14:05:30 -0400
  Processing by WelcomeController#index as HTML
Rendered welcome/index.html.erb within layouts/application (2.0ms)
Completed 200 OK in 7ms (Views: 6.2ms | ActiveRecord: 0.0ms)


Started GET "/proposals" for 127.0.0.1 at 2011-08-19 14:08:11 -0400

ActionController::RoutingError (No route matches "/proposals"):
  

Rendered /Users/eric/.rvm/gems/ruby-1.9.2-p0@kata/gems/actionpack-3.0.3/lib/action_dispatch/middleware/templates/rescues/routing_error.erb within rescues/layout (1.5ms)


Started GET "/" for 127.0.0.1 at 2011-08-19 14:08:15 -0400
  Processing by WelcomeController#index as HTML
Rendered welcome/index.html.erb within layouts/application (2.1ms)
Completed 200 OK in 18ms (Views: 17.0ms | ActiveRecord: 0.0ms)


Started GET "/" for 127.0.0.1 at 2011-08-19 14:09:33 -0400
  Processing by WelcomeController#index as HTML
Rendered welcome/index.html.erb within layouts/application (2.1ms)
Completed 200 OK in 39ms (Views: 38.4ms | ActiveRecord: 0.0ms)


Started GET "/" for 127.0.0.1 at 2011-08-19 14:10:45 -0400
  Processing by WelcomeController#index as HTML
Rendered welcome/index.html.erb within layouts/application (2.3ms)
Completed 200 OK in 8ms (Views: 7.3ms | ActiveRecord: 0.0ms)


Started GET "/" for 127.0.0.1 at 2011-08-19 16:59:09 -0400
  Processing by WelcomeController#index as HTML
Rendered welcome/index.html.erb within layouts/application (29.4ms)
Completed 200 OK in 55ms (Views: 54.7ms | ActiveRecord: 0.0ms)


Started GET "/" for 127.0.0.1 at 2011-08-20 08:07:29 -0400
  Processing by WelcomeController#index as HTML
Rendered welcome/index.html.erb within layouts/application (97.4ms)
Completed 200 OK in 209ms (Views: 208.8ms | ActiveRecord: 0.0ms)


Started GET "/" for 127.0.0.1 at 2011-08-20 08:56:23 -0400
  Processing by WelcomeController#index as HTML
Rendered welcome/index.html.erb within layouts/application (9.6ms)
Completed 200 OK in 18ms (Views: 17.6ms | ActiveRecord: 0.0ms)


Started GET "/" for 127.0.0.1 at 2011-08-20 08:56:41 -0400
  Processing by WelcomeController#index as HTML
Rendered welcome/index.html.erb within layouts/application (1.9ms)
Completed 200 OK in 7ms (Views: 6.2ms | ActiveRecord: 0.0ms)


Started GET "/" for 127.0.0.1 at 2011-08-20 08:56:45 -0400
  Processing by WelcomeController#index as HTML
Rendered welcome/index.html.erb within layouts/application (2.2ms)
Completed 200 OK in 8ms (Views: 6.3ms | ActiveRecord: 0.0ms)


Started GET "/" for 127.0.0.1 at 2011-08-20 08:58:36 -0400
  Processing by WelcomeController#index as HTML
Rendered welcome/index.html.erb within layouts/application (2.1ms)
Completed 200 OK in 7ms (Views: 6.3ms | ActiveRecord: 0.0ms)


Started GET "/" for 127.0.0.1 at 2011-08-20 09:06:37 -0400
  Processing by WelcomeController#index as HTML
Rendered welcome/index.html.erb within layouts/application (2.2ms)
Completed 200 OK in 30ms (Views: 29.7ms | ActiveRecord: 0.0ms)


Started GET "/" for 127.0.0.1 at 2011-08-20 09:06:41 -0400
  Processing by WelcomeController#index as HTML
Rendered welcome/index.html.erb within layouts/application (1.9ms)
Completed 200 OK in 7ms (Views: 6.3ms | ActiveRecord: 0.0ms)


Started GET "/" for 127.0.0.1 at 2011-08-20 09:06:47 -0400
  Processing by WelcomeController#index as HTML
Rendered welcome/index.html.erb within layouts/application (1.9ms)
Completed 200 OK in 7ms (Views: 6.9ms | ActiveRecord: 0.0ms)


Started GET "/" for 127.0.0.1 at 2011-08-20 09:10:28 -0400
  Processing by WelcomeController#index as HTML
Rendered welcome/index.html.erb within layouts/application (2.0ms)
Completed 200 OK in 24ms (Views: 23.3ms | ActiveRecord: 0.0ms)


Started GET "/" for 127.0.0.1 at 2011-08-20 09:25:09 -0400
  Processing by WelcomeController#index as HTML
Rendered welcome/index.html.erb within layouts/application (2.9ms)
Completed 200 OK in 19ms (Views: 18.6ms | ActiveRecord: 0.0ms)


Started GET "/" for 127.0.0.1 at 2011-08-20 09:32:47 -0400
  Processing by WelcomeController#index as HTML
Rendered welcome/index.html.erb within layouts/application (2.2ms)
Completed 200 OK in 7ms (Views: 6.4ms | ActiveRecord: 0.0ms)


Started GET "/" for 127.0.0.1 at 2011-08-20 09:40:22 -0400
  Processing by WelcomeController#index as HTML
Rendered welcome/index.html.erb within layouts/application (2.9ms)
Completed 200 OK in 8ms (Views: 8.0ms | ActiveRecord: 0.0ms)


Started GET "/" for 127.0.0.1 at 2011-08-20 09:41:04 -0400
  Processing by WelcomeController#index as HTML
Rendered welcome/index.html.erb within layouts/application (1.9ms)
Completed 200 OK in 7ms (Views: 6.4ms | ActiveRecord: 0.0ms)


Started GET "/" for 127.0.0.1 at 2011-08-20 09:41:56 -0400
  Processing by WelcomeController#index as HTML
Rendered welcome/index.html.erb within layouts/application (48.5ms)
Completed 200 OK in 53ms (Views: 52.7ms | ActiveRecord: 0.0ms)


Started GET "/" for 127.0.0.1 at 2011-08-20 09:44:27 -0400
  Processing by WelcomeController#index as HTML
Rendered welcome/index.html.erb within layouts/application (2.0ms)
Completed 200 OK in 25ms (Views: 24.2ms | ActiveRecord: 0.0ms)


Started GET "/" for 127.0.0.1 at 2011-08-20 09:53:25 -0400
  Processing by WelcomeController#index as HTML
Rendered welcome/index.html.erb within layouts/application (10.4ms)
Completed 200 OK in 16ms (Views: 15.8ms | ActiveRecord: 0.0ms)


Started GET "/" for 127.0.0.1 at 2011-08-20 09:53:29 -0400
  Processing by WelcomeController#index as HTML
Rendered welcome/index.html.erb within layouts/application (1.9ms)
Completed 200 OK in 7ms (Views: 6.3ms | ActiveRecord: 0.0ms)


Started GET "/" for 127.0.0.1 at 2011-08-20 09:53:33 -0400
  Processing by WelcomeController#index as HTML
Rendered welcome/index.html.erb within layouts/application (1.9ms)
Completed 200 OK in 6ms (Views: 6.0ms | ActiveRecord: 0.0ms)
